imkit-flutter-quickstart/build/app/outputs/logs/manifest-merger-debug-report.txt
-- Merging decision tree log ---
manifest
ADDED from src\main\AndroidManifest.xml:1:1-36:12
INJECTED from src\main\AndroidManifest.xml:1:1-36:12
INJECTED from src\main\AndroidManifest.xml:1:1-36:12
INJECTED from src\main\AndroidManifest.xml:1:1-36:12
MERGED from src\main\AndroidManifest.xml:1:1-36:12
MERGED from [:rongcloud_im_plugin] AndroidManifest.xml:2:1-17:12
MERGED from [:file_picker] AndroidManifest.xml:2:1-9:12
MERGED from [:video_player] AndroidManifest.xml:2:1-7:12
MERGED from [:fluttertoast] AndroidManifest.xml:2:1-7:12
MERGED from [:sqflite] AndroidManifest.xml:2:1-7:12
MERGED from [:flutter_webview_plugin] AndroidManifest.xml:2:1-21:12
MERGED from [:open_file] AndroidManifest.xml:2:1-24:12
MERGED from [:flutter_keyboard_visibility] AndroidManifest.xml:2:1-7:12
MERGED from [:flutter_sound] AndroidManifest.xml:2:1-7:12
MERGED from [:camera] AndroidManifest.xml:2:1-10:12
MERGED from [:path_provider] AndroidManifest.xml:2:1-7:12
MERGED from [:flutter_local_notifications] AndroidManifest.xml:2:1-7:12
MERGED from [:permission_handler] AndroidManifest.xml:2:1-7:12
MERGED from [:shared_preferences] AndroidManifest.xml:2:1-7:12
MERGED from [:image_picker] AndroidManifest.xml:2:1-22:12
MERGED from [:image_gallery_saver] AndroidManifest.xml:2:1-7:12
MERGED from [:flutter_audio_recorder] AndroidManifest.xml:2:1-9:12
MERGED from [androidx.appcompat:appcompat:1.1.0] AndroidManifest.xml:17:1-24:12
MERGED from [cn.rongcloud.sdk:im_lib:2.10.4] AndroidManifest.xml:2:1-71:12
MERGED from [androidx.legacy:legacy-support-v4:1.0.0] AndroidManifest.xml:17:1-22:12
MERGED from [androidx.fragment:fragment:1.1.0] AndroidManifest.xml:17:1-24:12
MERGED from [androidx.appcompat:appcompat-resources:1.1.0] AndroidManifest.xml:17:1-24:12
MERGED from [androidx.legacy:legacy-support-core-ui:1.0.0] AndroidManifest.xml:17:1-22:12
MERGED from [androidx.drawerlayout:drawerlayout:1.0.0] AndroidManifest.xml:17:1-22:12
MERGED from [androidx.media:media:1.0.0] AndroidManifest.xml:17:1-22:12
MERGED from [androidx.legacy:legacy-support-core-utils:1.0.0] AndroidManifest.xml:17:1-22:12
MERGED from [androidx.viewpager:viewpager:1.0.0] AndroidManifest.xml:17:1-22:12
MERGED from [androidx.loader:loader:1.0.0] AndroidManifest.xml:17:1-22:12
MERGED from [androidx.activity:activity:1.0.0] AndroidManifest.xml:17:1-24:12
MERGED from [androidx.vectordrawable:vectordrawable-animated:1.1.0] AndroidManifest.xml:17:1-24:12
MERGED from [androidx.vectordrawable:vectordrawable:1.1.0] AndroidManifest.xml:17:1-24:12
MERGED from [androidx.coordinatorlayout:coordinatorlayout:1.0.0] AndroidManifest.xml:17:1-22:12
MERGED from [androidx.slidingpanelayout:slidingpanelayout:1.0.0] AndroidManifest.xml:17:1-22:12
MERGED from [androidx.customview:customview:1.0.0] AndroidManifest.xml:17:1-22:12
MERGED from [androidx.swiperefreshlayout:swiperefreshlayout:1.0.0] AndroidManifest.xml:17:1-22:12
MERGED from [androidx.asynclayoutinflater:asynclayoutinflater:1.0.0] AndroidManifest.xml:17:1-22:12
MERGED from [androidx.core:core:1.1.0] AndroidManifest.xml:17:1-26:12
MERGED from [com.google.android.exoplayer:exoplayer-hls:2.9.6] AndroidManifest.xml:17:1-24:12
MERGED from [com.google.android.exoplayer:exoplayer-dash:2.9.6] AndroidManifest.xml:17:1-24:12
MERGED from [com.google.android.exoplayer:exoplayer-smoothstreaming:2.9.6] AndroidManifest.xml:17:1-24:12
MERGED from [com.google.android.exoplayer:exoplayer-core:2.9.6] AndroidManifest.xml:17:1-26:12
MERGED from [androidx.cursoradapter:cursoradapter:1.0.0] AndroidManifest.xml:17:1-22:12
MERGED from [androidx.versionedparcelable:versionedparcelable:1.1.0] AndroidManifest.xml:17:1-27:12
MERGED from [androidx.documentfile:documentfile:1.0.0] AndroidManifest.xml:17:1-22:12
MERGED from [androidx.localbroadcastmanager:localbroadcastmanager:1.0.0] AndroidManifest.xml:17:1-22:12
MERGED from [androidx.print:print:1.0.0] AndroidManifest.xml:17:1-22:12
MERGED from [androidx.interpolator:interpolator:1.0.0] AndroidManifest.xml:17:1-22:12
MERGED from [androidx.lifecycle:lifecycle-runtime:2.1.0] AndroidManifest.xml:17:1-22:12
MERGED from [androidx.lifecycle:lifecycle-viewmodel:2.1.0] AndroidManifest.xml:17:1-22:12
MERGED from [androidx.savedstate:savedstate:1.0.0] AndroidManifest.xml:17:1-24:12
MERGED from [androidx.lifecycle:lifecycle-livedata:2.0.0] AndroidManifest.xml:17:1-22:12
MERGED from [androidx.lifecycle:lifecycle-livedata-core:2.0.0] AndroidManifest.xml:17:1-22:12
MERGED from [androidx.arch.core:core-runtime:2.0.0] AndroidManifest.xml:17:1-22:12
INJECTED from src\debug\AndroidManifest.xml:1:1-7:12
INJECTED from src\debug\AndroidManifest.xml:1:1-7:12
INJECTED from src\debug\AndroidManifest.xml:1:1-7:12
	package
		ADDED from src\main\AndroidManifest.xml:2:5-54
		INJECTED from src\main\AndroidManifest.xml
		INJECTED from src\debug\AndroidManifest.xml
	android:versionName
		INJECTED from src\main\AndroidManifest.xml
		ADDED from src\main\AndroidManifest.xml:1:1-36:12
		INJECTED from src\debug\AndroidManifest.xml
	android:versionCode
		INJECTED from src\main\AndroidManifest.xml
		ADDED from src\main\AndroidManifest.xml:1:1-36:12
		INJECTED from src\debug\AndroidManifest.xml
	xmlns:android
		ADDED from src\main\AndroidManifest.xml:1:11-69
uses-permission#android.permission.RECORD_AUDIO
ADDED from src\main\AndroidManifest.xml:9:5-71
MERGED from [:camera] AndroidManifest.xml:8:5-71
MERGED from [:camera] AndroidManifest.xml:8:5-71
	android:name
		ADDED from src\main\AndroidManifest.xml:9:22-68
uses-permission#android.permission.WRITE_EXTERNAL_STORAGE
ADDED from src\main\AndroidManifest.xml:10:5-81
MERGED from [:image_picker] AndroidManifest.xml:8:5-81
MERGED from [:image_picker] AndroidManifest.xml:8:5-81
MERGED from [cn.rongcloud.sdk:im_lib:2.10.4] AndroidManifest.xml:12:5-81
MERGED from [cn.rongcloud.sdk:im_lib:2.10.4] AndroidManifest.xml:12:5-81
	android:name
		ADDED from src\main\AndroidManifest.xml:10:22-78
application
ADDED from src\main\AndroidManifest.xml:11:5-35:19
MERGED from [:rongcloud_im_plugin] AndroidManifest.xml:7:5-15:19
MERGED from [:rongcloud_im_plugin] AndroidManifest.xml:7:5-15:19
MERGED from [:flutter_webview_plugin] AndroidManifest.xml:8:5-19:19
MERGED from [:flutter_webview_plugin] AndroidManifest.xml:8:5-19:19
MERGED from [:open_file] AndroidManifest.xml:11:5-22:19
MERGED from [:open_file] AndroidManifest.xml:11:5-22:19
MERGED from [:image_picker] AndroidManifest.xml:10:5-20:19
MERGED from [:image_picker] AndroidManifest.xml:10:5-20:19
MERGED from [cn.rongcloud.sdk:im_lib:2.10.4] AndroidManifest.xml:22:5-69:19
MERGED from [cn.rongcloud.sdk:im_lib:2.10.4] AndroidManifest.xml:22:5-69:19
MERGED from [androidx.core:core:1.1.0] AndroidManifest.xml:24:5-89
MERGED from [androidx.core:core:1.1.0] AndroidManifest.xml:24:5-89
MERGED from [androidx.versionedparcelable:versionedparcelable:1.1.0] AndroidManifest.xml:24:5-25:19
MERGED from [androidx.versionedparcelable:versionedparcelable:1.1.0] AndroidManifest.xml:24:5-25:19
	android:appComponentFactory
		ADDED from [androidx.core:core:1.1.0] AndroidManifest.xml:24:18-86
	android:supportsRtl
		ADDED from [:rongcloud_im_plugin] AndroidManifest.xml:9:9-35
	android:label
		ADDED from src\main\AndroidManifest.xml:13:9-52
	android:allowBackup
		ADDED from [:rongcloud_im_plugin] AndroidManifest.xml:8:9-35
	android:icon
		ADDED from src\main\AndroidManifest.xml:14:9-43
	android:usesCleartextTraffic
		ADDED from src\main\AndroidManifest.xml:15:9-44
	android:name
		ADDED from src\main\AndroidManifest.xml:12:9-57
activity#com.example.rongcloud_im_plugin_example.MainActivity
ADDED from src\main\AndroidManifest.xml:16:9-34:20
	android:launchMode
		ADDED from src\main\AndroidManifest.xml:18:13-43
	android:hardwareAccelerated
		ADDED from src\main\AndroidManifest.xml:21:13-47
	android:windowSoftInputMode
		ADDED from src\main\AndroidManifest.xml:22:13-55
	android:configChanges
		ADDED from src\main\AndroidManifest.xml:20:13-144
	android:theme
		ADDED from src\main\AndroidManifest.xml:19:13-47
	android:name
		ADDED from src\main\AndroidManifest.xml:17:13-41
meta-data#io.flutter.app.android.SplashScreenUntilFirstFrame
ADDED from src\main\AndroidManifest.xml:27:13-29:40
	android:value
		ADDED from src\main\AndroidManifest.xml:29:17-37
	android:name
		ADDED from src\main\AndroidManifest.xml:28:17-82
intent-filter#action:name:android.intent.action.MAIN+category:name:android.intent.category.LAUNCHER
ADDED from src\main\AndroidManifest.xml:30:13-33:29
action#android.intent.action.MAIN
ADDED from src\main\AndroidManifest.xml:31:17-68
	android:name
		ADDED from src\main\AndroidManifest.xml:31:25-66
category#android.intent.category.LAUNCHER
ADDED from src\main\AndroidManifest.xml:32:17-76
	android:name
		ADDED from src\main\AndroidManifest.xml:32:27-74
uses-sdk
INJECTED from src\main\AndroidManifest.xml reason: use-sdk injection requested
INJECTED from src\main\AndroidManifest.xml
INJECTED from src\main\AndroidManifest.xml
MERGED from [:rongcloud_im_plugin] AndroidManifest.xml:5:5-44
MERGED from [:rongcloud_im_plugin] AndroidManifest.xml:5:5-44
MERGED from [:file_picker] AndroidManifest.xml:5:5-44
MERGED from [:file_picker] AndroidManifest.xml:5:5-44
MERGED from [:video_player] AndroidManifest.xml:5:5-44
MERGED from [:video_player] AndroidManifest.xml:5:5-44
MERGED from [:fluttertoast] AndroidManifest.xml:5:5-44
MERGED from [:fluttertoast] AndroidManifest.xml:5:5-44
MERGED from [:sqflite] AndroidManifest.xml:5:5-44
MERGED from [:sqflite] AndroidManifest.xml:5:5-44
MERGED from [:flutter_webview_plugin] AndroidManifest.xml:6:5-44
MERGED from [:flutter_webview_plugin] AndroidManifest.xml:6:5-44
MERGED from [:open_file] AndroidManifest.xml:6:5-44
MERGED from [:open_file] AndroidManifest.xml:6:5-44
MERGED from [:flutter_keyboard_visibility] AndroidManifest.xml:5:5-44
MERGED from [:flutter_keyboard_visibility] AndroidManifest.xml:5:5-44
MERGED from [:flutter_sound] AndroidManifest.xml:5:5-44
MERGED from [:flutter_sound] AndroidManifest.xml:5:5-44
MERGED from [:camera] AndroidManifest.xml:5:5-44
MERGED from [:camera] AndroidManifest.xml:5:5-44
MERGED from [:path_provider] AndroidManifest.xml:5:5-44
MERGED from [:path_provider] AndroidManifest.xml:5:5-44
MERGED from [:flutter_local_notifications] AndroidManifest.xml:5:5-44
MERGED from [:flutter_local_notifications] AndroidManifest.xml:5:5-44
MERGED from [:permission_handler] AndroidManifest.xml:5:5-44
MERGED from [:permission_handler] AndroidManifest.xml:5:5-44
MERGED from [:shared_preferences] AndroidManifest.xml:5:5-44
MERGED from [:shared_preferences] AndroidManifest.xml:5:5-44
MERGED from [:image_picker] AndroidManifest.xml:5:5-44
MERGED from [:image_picker] AndroidManifest.xml:5:5-44
MERGED from [:image_gallery_saver] AndroidManifest.xml:5:5-44
MERGED from [:image_gallery_saver] AndroidManifest.xml:5:5-44
MERGED from [:flutter_audio_recorder] AndroidManifest.xml:5:5-7:41
MERGED from [:flutter_audio_recorder] AndroidManifest.xml:5:5-7:41
MERGED from [androidx.appcompat:appcompat:1.1.0] AndroidManifest.xml:20:5-22:41
MERGED from [androidx.appcompat:appcompat:1.1.0] AndroidManifest.xml:20:5-22:41
MERGED from [cn.rongcloud.sdk:im_lib:2.10.4] AndroidManifest.xml:7:5-9:41
MERGED from [cn.rongcloud.sdk:im_lib:2.10.4] AndroidManifest.xml:7:5-9:41
MERGED from [androidx.legacy:legacy-support-v4:1.0.0] AndroidManifest.xml:20:5-44
MERGED from [androidx.legacy:legacy-support-v4:1.0.0] AndroidManifest.xml:20:5-44
MERGED from [androidx.fragment:fragment:1.1.0] AndroidManifest.xml:20:5-22:41
MERGED from [androidx.fragment:fragment:1.1.0] AndroidManifest.xml:20:5-22:41
MERGED from [androidx.appcompat:appcompat-resources:1.1.0] AndroidManifest.xml:20:5-22:41
MERGED from [androidx.appcompat:appcompat-resources:1.1.0] AndroidManifest.xml:20:5-22:41
MERGED from [androidx.legacy:legacy-support-core-ui:1.0.0] AndroidManifest.xml:20:5-44
MERGED from [androidx.legacy:legacy-support-core-ui:1.0.0] AndroidManifest.xml:20:5-44
MERGED from [androidx.drawerlayout:drawerlayout:1.0.0] AndroidManifest.xml:20:5-44
MERGED from [androidx.drawerlayout:drawerlayout:1.0.0] AndroidManifest.xml:20:5-44
MERGED from [androidx.media:media:1.0.0] AndroidManifest.xml:20:5-44
MERGED from [androidx.media:media:1.0.0] AndroidManifest.xml:20:5-44
MERGED from [androidx.legacy:legacy-support-core-utils:1.0.0] AndroidManifest.xml:20:5-44
MERGED from [androidx.legacy:legacy-support-core-utils:1.0.0] AndroidManifest.xml:20:5-44
MERGED from [androidx.viewpager:viewpager:1.0.0] AndroidManifest.xml:20:5-44
MERGED from [androidx.viewpager:viewpager:1.0.0] AndroidManifest.xml:20:5-44
MERGED from [androidx.loader:loader:1.0.0] AndroidManifest.xml:20:5-44
MERGED from [androidx.loader:loader:1.0.0] AndroidManifest.xml:20:5-44
MERGED from [androidx.activity:activity:1.0.0] AndroidManifest.xml:20:5-22:41
MERGED from [androidx.activity:activity:1.0.0] AndroidManifest.xml:20:5-22:41
MERGED from [androidx.vectordrawable:vectordrawable-animated:1.1.0] AndroidManifest.xml:20:5-22:41
MERGED from [androidx.vectordrawable:vectordrawable-animated:1.1.0] AndroidManifest.xml:20:5-22:41
MERGED from [androidx.vectordrawable:vectordrawable:1.1.0] AndroidManifest.xml:20:5-22:41
MERGED from [androidx.vectordrawable:vectordrawable:1.1.0] AndroidManifest.xml:20:5-22:41
MERGED from [androidx.coordinatorlayout:coordinatorlayout:1.0.0] AndroidManifest.xml:20:5-44
MERGED from [androidx.coordinatorlayout:coordinatorlayout:1.0.0] AndroidManifest.xml:20:5-44
MERGED from [androidx.slidingpanelayout:slidingpanelayout:1.0.0] AndroidManifest.xml:20:5-44
MERGED from [androidx.slidingpanelayout:slidingpanelayout:1.0.0] AndroidManifest.xml:20:5-44
MERGED from [androidx.customview:customview:1.0.0] AndroidManifest.xml:20:5-44
MERGED from [androidx.customview:customview:1.0.0] AndroidManifest.xml:20:5-44
MERGED from [androidx.swiperefreshlayout:swiperefreshlayout:1.0.0] AndroidManifest.xml:20:5-44
MERGED from [androidx.swiperefreshlayout:swiperefreshlayout:1.0.0] AndroidManifest.xml:20:5-44
MERGED from [androidx.asynclayoutinflater:asynclayoutinflater:1.0.0] AndroidManifest.xml:20:5-44
MERGED from [androidx.asynclayoutinflater:asynclayoutinflater:1.0.0] AndroidManifest.xml:20:5-44
MERGED from [androidx.core:core:1.1.0] AndroidManifest.xml:20:5-22:41
MERGED from [androidx.core:core:1.1.0] AndroidManifest.xml:20:5-22:41
MERGED from [com.google.android.exoplayer:exoplayer-hls:2.9.6] AndroidManifest.xml:20:5-22:41
MERGED from [com.google.android.exoplayer:exoplayer-hls:2.9.6] AndroidManifest.xml:20:5-22:41
MERGED from [com.google.android.exoplayer:exoplayer-dash:2.9.6] AndroidManifest.xml:20:5-22:41
MERGED from [com.google.android.exoplayer:exoplayer-dash:2.9.6] AndroidManifest.xml:20:5-22:41
MERGED from [com.google.android.exoplayer:exoplayer-smoothstreaming:2.9.6] AndroidManifest.xml:20:5-22:41
MERGED from [com.google.android.exoplayer:exoplayer-smoothstreaming:2.9.6] AndroidManifest.xml:20:5-22:41
MERGED from [com.google.android.exoplayer:exoplayer-core:2.9.6] AndroidManifest.xml:20:5-22:41
MERGED from [com.google.android.exoplayer:exoplayer-core:2.9.6] AndroidManifest.xml:20:5-22:41
MERGED from [androidx.cursoradapter:cursoradapter:1.0.0] AndroidManifest.xml:20:5-44
MERGED from [androidx.cursoradapter:cursoradapter:1.0.0] AndroidManifest.xml:20:5-44
MERGED from [androidx.versionedparcelable:versionedparcelable:1.1.0] AndroidManifest.xml:20:5-22:41
MERGED from [androidx.versionedparcelable:versionedparcelable:1.1.0] AndroidManifest.xml:20:5-22:41
MERGED from [androidx.documentfile:documentfile:1.0.0] AndroidManifest.xml:20:5-44
MERGED from [androidx.documentfile:documentfile:1.0.0] AndroidManifest.xml:20:5-44
MERGED from [androidx.localbroadcastmanager:localbroadcastmanager:1.0.0] AndroidManifest.xml:20:5-44
MERGED from [androidx.localbroadcastmanager:localbroadcastmanager:1.0.0] AndroidManifest.xml:20:5-44
MERGED from [androidx.print:print:1.0.0] AndroidManifest.xml:20:5-44
MERGED from [androidx.print:print:1.0.0] AndroidManifest.xml:20:5-44
MERGED from [androidx.interpolator:interpolator:1.0.0] AndroidManifest.xml:20:5-44
MERGED from [androidx.interpolator:interpolator:1.0.0] AndroidManifest.xml:20:5-44
MERGED from [androidx.lifecycle:lifecycle-runtime:2.1.0] AndroidManifest.xml:20:5-44
MERGED from [androidx.lifecycle:lifecycle-runtime:2.1.0] AndroidManifest.xml:20:5-44
MERGED from [androidx.lifecycle:lifecycle-viewmodel:2.1.0] AndroidManifest.xml:20:5-44
MERGED from [androidx.lifecycle:lifecycle-viewmodel:2.1.0] AndroidManifest.xml:20:5-44
MERGED from [androidx.savedstate:savedstate:1.0.0] AndroidManifest.xml:20:5-22:41
MERGED from [androidx.savedstate:savedstate:1.0.0] AndroidManifest.xml:20:5-22:41
MERGED from [androidx.lifecycle:lifecycle-livedata:2.0.0] AndroidManifest.xml:20:5-44
MERGED from [androidx.lifecycle:lifecycle-livedata:2.0.0] AndroidManifest.xml:20:5-44
MERGED from [androidx.lifecycle:lifecycle-livedata-core:2.0.0] AndroidManifest.xml:20:5-44
MERGED from [androidx.lifecycle:lifecycle-livedata-core:2.0.0] AndroidManifest.xml:20:5-44
MERGED from [androidx.arch.core:core-runtime:2.0.0] AndroidManifest.xml:20:5-44
MERGED from [androidx.arch.core:core-runtime:2.0.0] AndroidManifest.xml:20:5-44
INJECTED from src\debug\AndroidManifest.xml
INJECTED from src\debug\AndroidManifest.xml
	android:targetSdkVersion
		INJECTED from src\main\AndroidManifest.xml
		INJECTED from src\debug\AndroidManifest.xml
	android:minSdkVersion
		INJECTED from src\main\AndroidManifest.xml
		INJECTED from src\debug\AndroidManifest.xml
uses-permission#android.permission.INTERNET
ADDED from src\debug\AndroidManifest.xml:6:5-66
MERGED from [cn.rongcloud.sdk:im_lib:2.10.4] AndroidManifest.xml:14:5-67
MERGED from [cn.rongcloud.sdk:im_lib:2.10.4] AndroidManifest.xml:14:5-67
	android:name
		ADDED from src\debug\AndroidManifest.xml:6:22-64
uses-permission#android.permission.READ_EXTERNAL_STORAGE
ADDED from [:file_picker] AndroidManifest.xml:7:5-80
MERGED from [:open_file] AndroidManifest.xml:9:5-80
MERGED from [:open_file] AndroidManifest.xml:9:5-80
MERGED from [:image_picker] AndroidManifest.xml:7:5-80
MERGED from [:image_picker] AndroidManifest.xml:7:5-80
	android:name
		ADDED from [:file_picker] AndroidManifest.xml:7:22-77
provider#androidx.core.content.FileProvider
ADDED from [:flutter_webview_plugin] AndroidManifest.xml:9:9-18:20
MERGED from [:open_file] AndroidManifest.xml:12:9-21:20
MERGED from [:open_file] AndroidManifest.xml:12:9-21:20
	android:grantUriPermissions
		ADDED from [:flutter_webview_plugin] AndroidManifest.xml:13:13-47
	android:authorities
		ADDED from [:flutter_webview_plugin] AndroidManifest.xml:11:13-64
		REJECTED from [:open_file] AndroidManifest.xml:14:13-64
	android:exported
		ADDED from [:flutter_webview_plugin] AndroidManifest.xml:12:13-37
	tools:replace
		ADDED from [:flutter_webview_plugin] AndroidManifest.xml:14:13-48
	android:name
		ADDED from [:flutter_webview_plugin] AndroidManifest.xml:10:13-62
meta-data#android.support.FILE_PROVIDER_PATHS
ADDED from [:flutter_webview_plugin] AndroidManifest.xml:15:13-17:53
MERGED from [:open_file] AndroidManifest.xml:18:13-20:53
MERGED from [:open_file] AndroidManifest.xml:18:13-20:53
	android:resource
		ADDED from [:flutter_webview_plugin] AndroidManifest.xml:17:17-50
	android:name
		ADDED from [:flutter_webview_plugin] AndroidManifest.xml:16:17-67
uses-permission#android.permission.REQUEST_INSTALL_PACKAGES
ADDED from [:open_file] AndroidManifest.xml:8:5-83
	android:name
		ADDED from [:open_file] AndroidManifest.xml:8:22-80
uses-permission#android.permission.CAMERA
ADDED from [:camera] AndroidManifest.xml:7:5-65
	android:name
		ADDED from [:camera] AndroidManifest.xml:7:22-62
provider#io.flutter.plugins.imagepicker.ImagePickerFileProvider
ADDED from [:image_picker] AndroidManifest.xml:11:9-19:20
	android:grantUriPermissions
		ADDED from [:image_picker] AndroidManifest.xml:15:13-47
	android:authorities
		ADDED from [:image_picker] AndroidManifest.xml:13:13-74
	android:exported
		ADDED from [:image_picker] AndroidManifest.xml:14:13-37
	android:name
		ADDED from [:image_picker] AndroidManifest.xml:12:13-82
uses-permission#android.permission.ACCESS_NETWORK_STATE
ADDED from [cn.rongcloud.sdk:im_lib:2.10.4] AndroidManifest.xml:15:5-79
MERGED from [com.google.android.exoplayer:exoplayer-core:2.9.6] AndroidManifest.xml:24:5-79
MERGED from [com.google.android.exoplayer:exoplayer-core:2.9.6] AndroidManifest.xml:24:5-79
	android:name
		ADDED from [cn.rongcloud.sdk:im_lib:2.10.4] AndroidManifest.xml:15:22-76
uses-permission#android.permission.ACCESS_WIFI_STATE
ADDED from [cn.rongcloud.sdk:im_lib:2.10.4] AndroidManifest.xml:16:5-76
	android:name
		ADDED from [cn.rongcloud.sdk:im_lib:2.10.4] AndroidManifest.xml:16:22-73
uses-permission#android.permission.WAKE_LOCK
ADDED from [cn.rongcloud.sdk:im_lib:2.10.4] AndroidManifest.xml:18:5-68
	android:name
		ADDED from [cn.rongcloud.sdk:im_lib:2.10.4] AndroidManifest.xml:18:22-65
meta-data#RONG_CLOUD_APP_KEY
ADDED from [cn.rongcloud.sdk:im_lib:2.10.4] AndroidManifest.xml:25:9-27:43
	android:value
		ADDED from [cn.rongcloud.sdk:im_lib:2.10.4] AndroidManifest.xml:27:13-40
	android:name
		ADDED from [cn.rongcloud.sdk:im_lib:2.10.4] AndroidManifest.xml:26:13-46
service#io.rong.imlib.ipc.RongService
ADDED from [cn.rongcloud.sdk:im_lib:2.10.4] AndroidManifest.xml:29:9-31:38
	android:process
		ADDED from [cn.rongcloud.sdk:im_lib:2.10.4] AndroidManifest.xml:31:13-35
	android:name
		ADDED from [cn.rongcloud.sdk:im_lib:2.10.4] AndroidManifest.xml:30:13-57
receiver#io.rong.imlib.ConnectChangeReceiver
ADDED from [cn.rongcloud.sdk:im_lib:2.10.4] AndroidManifest.xml:33:9-72
	android:name
		ADDED from [cn.rongcloud.sdk:im_lib:2.10.4] AndroidManifest.xml:33:19-69
receiver#io.rong.imlib.HeartbeatReceiver
ADDED from [cn.rongcloud.sdk:im_lib:2.10.4] AndroidManifest.xml:34:9-36:38
	android:process
		ADDED from [cn.rongcloud.sdk:im_lib:2.10.4] AndroidManifest.xml:36:13-35
	android:name
		ADDED from [cn.rongcloud.sdk:im_lib:2.10.4] AndroidManifest.xml:35:13-59
service#io.rong.push.rongpush.PushService
ADDED from [cn.rongcloud.sdk:im_lib:2.10.4] AndroidManifest.xml:41:9-45:46
	android:process
		ADDED from [cn.rongcloud.sdk:im_lib:2.10.4] AndroidManifest.xml:45:13-43
	android:exported
		ADDED from [cn.rongcloud.sdk:im_lib:2.10.4] AndroidManifest.xml:43:13-36
	android:permission
		ADDED from [cn.rongcloud.sdk:im_lib:2.10.4] AndroidManifest.xml:44:13-69
	android:name
		ADDED from [cn.rongcloud.sdk:im_lib:2.10.4] AndroidManifest.xml:42:13-61
receiver#io.rong.push.rongpush.PushReceiver
ADDED from [cn.rongcloud.sdk:im_lib:2.10.4] AndroidManifest.xml:48:9-63:20
	android:process
		ADDED from [cn.rongcloud.sdk:im_lib:2.10.4] AndroidManifest.xml:50:13-43
	android:name
		ADDED from [cn.rongcloud.sdk:im_lib:2.10.4] AndroidManifest.xml:49:13-62
intent-filter#action:name:android.net.conn.CONNECTIVITY_CHANGE+action:name:io.rong.push.intent.action.HEART_BEAT
ADDED from [cn.rongcloud.sdk:im_lib:2.10.4] AndroidManifest.xml:52:13-55:29
action#io.rong.push.intent.action.HEART_BEAT
ADDED from [cn.rongcloud.sdk:im_lib:2.10.4] AndroidManifest.xml:53:17-80
	android:name
		ADDED from [cn.rongcloud.sdk:im_lib:2.10.4] AndroidManifest.xml:53:25-77
action#android.net.conn.CONNECTIVITY_CHANGE
ADDED from [cn.rongcloud.sdk:im_lib:2.10.4] AndroidManifest.xml:54:17-79
	android:name
		ADDED from [cn.rongcloud.sdk:im_lib:2.10.4] AndroidManifest.xml:54:25-76
intent-filter#action:name:android.intent.action.ACTION_POWER_CONNECTED+action:name:android.intent.action.ACTION_POWER_DISCONNECTED+action:name:android.intent.action.USER_PRESENT
ADDED from [cn.rongcloud.sdk:im_lib:2.10.4] AndroidManifest.xml:58:13-62:29
action#android.intent.action.USER_PRESENT
ADDED from [cn.rongcloud.sdk:im_lib:2.10.4] AndroidManifest.xml:59:17-77
	android:name
		ADDED from [cn.rongcloud.sdk:im_lib:2.10.4] AndroidManifest.xml:59:25-74
action#android.intent.action.ACTION_POWER_CONNECTED
ADDED from [cn.rongcloud.sdk:im_lib:2.10.4] AndroidManifest.xml:60:17-87
	android:name
		ADDED from [cn.rongcloud.sdk:im_lib:2.10.4] AndroidManifest.xml:60:25-84
action#android.intent.action.ACTION_POWER_DISCONNECTED
ADDED from [cn.rongcloud.sdk:im_lib:2.10.4] AndroidManifest.xml:61:17-90
	android:name
		ADDED from [cn.rongcloud.sdk:im_lib:2.10.4] AndroidManifest.xml:61:25-87